# JRE version: OpenJDK Runtime Environment Temurin-17.0.8.1+1 (17.0.8.1+1) (build 17.0.8.1+1)
# Java VM: OpenJDK 64-Bit Server VM Temurin-17.0.8.1+1 (17.0.8.1+1, mixed mode, emulated-client, tiered, compressed oops, compressed class ptrs, g1 gc, windows-amd64)
GC Precious Log:
 CPUs: 8 total, 8 available
 Memory: 6021M
 Large Page Support: Disabled
 NUMA Support: Disabled
 Compressed Oops: Enabled (32-bit)
 Heap Region Size: 1M
 Heap Min Capacity: 8M
 Heap Initial Capacity: 96M
 Heap Max Capacity: 1506M
 Pre-touch: Disabled
 Parallel Workers: 8
 Concurrent Workers: 2
 Concurrent Refinement Workers: 8
 Periodic GC: Disabled
Heap:
 garbage-first heap   total 73728K, used 32566K [0x00000000a1e00000, 0x0000000100000000)
  region size 1024K, 2 young (2048K), 1 survivors (1024K)
 Metaspace       used 75457K, committed 76160K, reserved 1179648K
  class space    used 10307K, committed 10624K, reserved 1048576K
GC Heap History (20 events):
Event: 11629.082 GC heap before
{Heap before GC invocations=76 (full 1):
 garbage-first heap   total 73728K, used 63408K [0x00000000a1e00000, 0x0000000100000000)
  region size 1024K, 31 young (31744K), 1 survivors (1024K)
 Metaspace       used 75473K, committed 76160K, reserved 1179648K
  class space    used 10310K, committed 10624K, reserved 1048576K
}
Event: 11629.092 GC heap after
{Heap after GC invocations=77 (full 1):
 garbage-first heap   total 73728K, used 33128K [0x00000000a1e00000, 0x0000000100000000)
  region size 1024K, 1 young (1024K), 1 survivors (1024K)
 Metaspace       used 75473K, committed 76160K, reserved 1179648K
  class space    used 10310K, committed 10624K, reserved 1048576K
}
Event: 11941.503 GC heap before
{Heap before GC invocations=78 (full 1):
 garbage-first heap   total 73728K, used 62824K [0x00000000a1e00000, 0x0000000100000000)
  region size 1024K, 30 young (30720K), 1 survivors (1024K)
 Metaspace       used 75509K, committed 76224K, reserved 1179648K
  class space    used 10316K, committed 10624K, reserved 1048576K
}
Event: 11941.509 GC heap after
{Heap after GC invocations=79 (full 1):
 garbage-first heap   total 73728K, used 33319K [0x00000000a1e00000, 0x0000000100000000)
  region size 1024K, 1 young (1024K), 1 survivors (1024K)
 Metaspace       used 75509K, committed 76224K, reserved 1179648K
  class space    used 10316K, committed 10624K, reserved 1048576K
}
Event: 11964.553 GC heap before
{Heap before GC invocations=79 (full 1):
 garbage-first heap   total 73728K, used 35367K [0x00000000a1e00000, 0x0000000100000000)
  region size 1024K, 3 young (3072K), 1 survivors (1024K)
 Metaspace       used 75509K, committed 76224K, reserved 1179648K
  class space    used 10316K, committed 10624K, reserved 1048576K
}
Event: 11964.562 GC heap after
{Heap after GC invocations=80 (full 1):
 garbage-first heap   total 73728K, used 33047K [0x00000000a1e00000, 0x0000000100000000)
  region size 1024K, 1 young (1024K), 1 survivors (1024K)
 Metaspace       used 75509K, committed 76224K, reserved 1179648K
  class space    used 10316K, committed 10624K, reserved 1048576K
}
Event: 12288.278 GC heap before
{Heap before GC invocations=80 (full 1):
 garbage-first heap   total 73728K, used 61719K [0x00000000a1e00000, 0x0000000100000000)
  region size 1024K, 29 young (29696K), 1 survivors (1024K)
 Metaspace       used 75509K, committed 76224K, reserved 1179648K
  class space    used 10316K, committed 10624K, reserved 1048576K
}
Event: 12288.292 GC heap after
{Heap after GC invocations=81 (full 1):
 garbage-first heap   total 73728K, used 33034K [0x00000000a1e00000, 0x0000000100000000)
  region size 1024K, 1 young (1024K), 1 survivors (1024K)
 Metaspace       used 75509K, committed 76224K, reserved 1179648K
  class space    used 10316K, committed 10624K, reserved 1048576K
}
Event: 13397.450 GC heap before
{Heap before GC invocations=82 (full 1):
 garbage-first heap   total 73728K, used 62730K [0x00000000a1e00000, 0x0000000100000000)
  region size 1024K, 30 young (30720K), 1 survivors (1024K)
 Metaspace       used 75447K, committed 76224K, reserved 1179648K
  class space    used 10306K, committed 10624K, reserved 1048576K
}
Event: 13397.453 GC heap after
{Heap after GC invocations=83 (full 1):
 garbage-first heap   total 73728K, used 33169K [0x00000000a1e00000, 0x0000000100000000)
  region size 1024K, 1 young (1024K), 1 survivors (1024K)
 Metaspace       used 75447K, committed 76224K, reserved 1179648K
  class space    used 10306K, committed 10624K, reserved 1048576K
}
Event: 13408.023 GC heap before
{Heap before GC invocations=83 (full 1):
 garbage-first heap   total 73728K, used 35217K [0x00000000a1e00000, 0x0000000100000000)
  region size 1024K, 3 young (3072K), 1 survivors (1024K)
 Metaspace       used 75447K, committed 76224K, reserved 1179648K
  class space    used 10306K, committed 10624K, reserved 1048576K
}
Event: 13408.030 GC heap after
{Heap after GC invocations=84 (full 1):
 garbage-first heap   total 73728K, used 32691K [0x00000000a1e00000, 0x0000000100000000)
  region size 1024K, 1 young (1024K), 1 survivors (1024K)
 Metaspace       used 75447K, committed 76224K, reserved 1179648K
  class space    used 10306K, committed 10624K, reserved 1048576K
}
Event: 13716.729 GC heap before
{Heap before GC invocations=84 (full 1):
 garbage-first heap   total 73728K, used 62387K [0x00000000a1e00000, 0x0000000100000000)
  region size 1024K, 30 young (30720K), 1 survivors (1024K)
 Metaspace       used 75496K, committed 76224K, reserved 1179648K
  class space    used 10314K, committed 10624K, reserved 1048576K
}
Event: 13716.736 GC heap after
{Heap after GC invocations=85 (full 1):
 garbage-first heap   total 73728K, used 33006K [0x00000000a1e00000, 0x0000000100000000)
  region size 1024K, 1 young (1024K), 1 survivors (1024K)
 Metaspace       used 75496K, committed 76224K, reserved 1179648K
  class space    used 10314K, committed 10624K, reserved 1048576K
}
Event: 14048.966 GC heap before
{Heap before GC invocations=86 (full 1):
 garbage-first heap   total 73728K, used 62702K [0x00000000a1e00000, 0x0000000100000000)
  region size 1024K, 30 young (30720K), 1 survivors (1024K)
 Metaspace       used 75496K, committed 76224K, reserved 1179648K
  class space    used 10314K, committed 10624K, reserved 1048576K
}
Event: 14048.971 GC heap after
{Heap after GC invocations=87 (full 1):
 garbage-first heap   total 73728K, used 32839K [0x00000000a1e00000, 0x0000000100000000)
  region size 1024K, 1 young (1024K), 1 survivors (1024K)
 Metaspace       used 75496K, committed 76224K, reserved 1179648K
  class space    used 10314K, committed 10624K, reserved 1048576K
}
Event: 14071.652 GC heap before
{Heap before GC invocations=87 (full 1):
 garbage-first heap   total 73728K, used 34887K [0x00000000a1e00000, 0x0000000100000000)
  region size 1024K, 3 young (3072K), 1 survivors (1024K)
 Metaspace       used 75496K, committed 76224K, reserved 1179648K
  class space    used 10314K, committed 10624K, reserved 1048576K
}
Event: 14071.671 GC heap after
{Heap after GC invocations=88 (full 1):
 garbage-first heap   total 73728K, used 32591K [0x00000000a1e00000, 0x0000000100000000)
  region size 1024K, 1 young (1024K), 1 survivors (1024K)
 Metaspace       used 75496K, committed 76224K, reserved 1179648K
  class space    used 10314K, committed 10624K, reserved 1048576K
}
Event: 14408.255 GC heap before
{Heap before GC invocations=88 (full 1):
 garbage-first heap   total 73728K, used 62287K [0x00000000a1e00000, 0x0000000100000000)
  region size 1024K, 30 young (30720K), 1 survivors (1024K)
 Metaspace       used 75506K, committed 76224K, reserved 1179648K
  class space    used 10315K, committed 10624K, reserved 1048576K
}
Event: 14408.315 GC heap after
{Heap after GC invocations=89 (full 1):
 garbage-first heap   total 73728K, used 32566K [0x00000000a1e00000, 0x0000000100000000)
  region size 1024K, 1 young (1024K), 1 survivors (1024K)
 Metaspace       used 75506K, committed 76224K, reserved 1179648K
  class space    used 10315K, committed 10624K, reserved 1048576K
}

